E0106 00:16:13.767835545   11566 call.c:455]                 Invalid entry in accept encoding metadata: ' gzip'. Ignoring.
E0106 00:19:48.343528656   11677 chttp2_transport.c:532]     server stream 13 still included in list 9
E0106 00:19:58.873975111   11683 call.c:455]                 Invalid entry in accept encoding metadata: ' gzip'. Ignoring.
E0106 04:35:09.337811317   12304 call.c:455]                 Invalid entry in accept encoding metadata: ' gzip'. Ignoring.
E0110 02:28:57.925055467   22639 chttp2_transport.c:532]     server stream 7 still included in list 9
E0110 02:41:06.768229722   22645 call.c:455]                 Invalid entry in accept encoding metadata: ' gzip'. Ignoring.
E0110 03:07:29.329611102   22646 chttp2_transport.c:532]     server stream 9 still included in list 9
E0110 03:19:51.336650328   22679 call.c:455]                 Invalid entry in accept encoding metadata: ' gzip'. Ignoring.
E0110 23:47:55.064841424   25058 chttp2_transport.c:833]     assertion failed: stream_global->send_message == NULL
E0110 23:47:55.064458008   25059 chttp2_transport.c:532]     server stream 7 still included in list 9
E0110 23:49:26.134401619   25065 call.c:455]                 Invalid entry in accept encoding metadata: ' gzip'. Ignoring.
E0113 01:41:02.497455346   29694 chttp2_transport.c:532]     server stream 43 still included in list 9
E0113 01:41:02.497758208   29693 chttp2_transport.c:532]     server stream 41 still included in list 9
E0113 01:41:05.844396297   29702 call.c:455]                 Invalid entry in accept encoding metadata: ' gzip'. Ignoring.
E0113 03:16:28.507545560   29832 chttp2_transport.c:532]     server stream 9 still included in list 9
E0113 03:16:34.005011086   29843 call.c:455]                 Invalid entry in accept encoding metadata: ' gzip'. Ignoring.
E0113 03:20:15.932703805   29892 call.c:455]                 Invalid entry in accept encoding metadata: ' gzip'. Ignoring.
E0114 22:58:56.202654976   31116 chttp2_transport.c:532]     server stream 5 still included in list 9
E0115 18:29:00.230021342     525 call.c:455]                 Invalid entry in accept encoding metadata: ' gzip'. Ignoring.
E0120 20:46:33.198259006   12405 call.c:455]                 Invalid entry in accept encoding metadata: ' gzip'. Ignoring.
E0120 21:09:36.283890523   12527 call.c:455]                 Invalid entry in accept encoding metadata: ' gzip'. Ignoring.
E0125 16:36:26.997314771   24388 call.c:455]                 Invalid entry in accept encoding metadata: ' gzip'. Ignoring.
E0127 00:13:59.791931949   27720 call.c:455]                 Invalid entry in accept encoding metadata: ' gzip'. Ignoring.
E0127 04:54:11.590289107   28449 call.c:455]                 Invalid entry in accept encoding metadata: ' gzip'. Ignoring.
E0127 19:24:40.244557084   29821 call.c:455]                 Invalid entry in accept encoding metadata: ' gzip'. Ignoring.
E0128 00:47:48.672519002   32311 call.c:455]                 Invalid entry in accept encoding metadata: ' gzip'. Ignoring.
E0128 22:22:32.769509280    6379 call.c:455]                 Invalid entry in accept encoding metadata: ' gzip'. Ignoring.
E0129 00:20:28.073195778    7342 call.c:455]                 Invalid entry in accept encoding metadata: ' gzip'. Ignoring.
E0203 01:34:37.518745237   18241 call.c:455]                 Invalid entry in accept encoding metadata: ' gzip'. Ignoring.
E0203 03:20:50.026091923   18796 call.c:455]                 Invalid entry in accept encoding metadata: ' gzip'. Ignoring.
E0203 03:25:00.077823340   18845 call.c:455]                 Invalid entry in accept encoding metadata: ' gzip'. Ignoring.
E0203 03:27:55.318146921   18875 call.c:455]                 Invalid entry in accept encoding metadata: ' gzip'. Ignoring.
E0203 03:29:24.891730641   18944 call.c:455]                 Invalid entry in accept encoding metadata: ' gzip'. Ignoring.
E0203 03:29:32.919049936   18953 call.c:455]                 Invalid entry in accept encoding metadata: ' gzip'. Ignoring.
E0203 03:31:30.982320544   18994 call.c:455]                 Invalid entry in accept encoding metadata: ' gzip'. Ignoring.
E0203 03:32:50.440274920   19073 call.c:455]                 Invalid entry in accept encoding metadata: ' gzip'. Ignoring.
E0203 03:33:01.590689928   19082 call.c:455]                 Invalid entry in accept encoding metadata: ' gzip'. Ignoring.
E0203 03:33:53.830679895   19156 call.c:455]                 Invalid entry in accept encoding metadata: ' gzip'. Ignoring.
E0203 03:34:01.872733941   19165 call.c:455]                 Invalid entry in accept encoding metadata: ' gzip'. Ignoring.
E0204 00:12:07.711689755   20900 call.c:455]                 Invalid entry in accept encoding metadata: ' gzip'. Ignoring.
E0204 00:37:37.419360057   20932 call.c:455]                 Invalid entry in accept encoding metadata: ' gzip'. Ignoring.
E0210 19:52:40.417702976    6505 call.c:455]                 Invalid entry in accept encoding metadata: ' gzip'. Ignoring.
E0215 19:36:44.142243837   18025 call.c:455]                 Invalid entry in accept encoding metadata: ' gzip'. Ignoring.
E0217 20:32:53.628018371   24414 call.c:455]                 Invalid entry in accept encoding metadata: ' gzip'. Ignoring.
I0225 16:43:04.091152973   20929 parsing.c:282]              Connect string mismatch: expected 'P' (80) got 'G' (71) at byte 0
I0225 16:43:04.262783118   20929 parsing.c:282]              Connect string mismatch: expected 'P' (80) got 'G' (71) at byte 0
I0225 16:43:04.461596824   20929 parsing.c:282]              Connect string mismatch: expected 'P' (80) got 'G' (71) at byte 0
E0226 16:09:40.982304106   25210 call.c:455]                 Invalid entry in accept encoding metadata: ' gzip'. Ignoring.
Could not connect
E0312 13:02:54.705298866    4774 call.c:455]                 Invalid entry in accept encoding metadata: ' gzip'. Ignoring.
E0314 11:15:52.149974212   11331 call.c:455]                 Invalid entry in accept encoding metadata: ' gzip'. Ignoring.
E0314 11:16:43.587700702   11416 call.c:455]                 Invalid entry in accept encoding metadata: ' gzip'. Ignoring.
